{"C:\\Users\\juliosannav\\Desktop\\tarea3\\backend-devops\\src\\config.ts": {"path":"C:\\Users\\juliosannav\\Desktop\\tarea3\\backend-devops\\src\\config.ts","statementMap":{"0":{"start":{"line":1,"column":13},"end":{"line":5,"column":null}}},"fnMap":{},"branchMap":{"0":{"loc":{"start":{"line":3,"column":12},"end":{"line":3,"column":43}},"type":"binary-expr","locations":[{"start":{"line":3,"column":12},"end":{"line":3,"column":30}},{"start":{"line":3,"column":34},"end":{"line":3,"column":43}}]},"1":{"loc":{"start":{"line":4,"column":10},"end":{"line":4,"column":34}},"type":"binary-expr","locations":[{"start":{"line":4,"column":10},"end":{"line":4,"column":26}},{"start":{"line":4,"column":30},"end":{"line":4,"column":34}}]}},"s":{"0":1},"f":{},"b":{"0":[1,1],"1":[1,1]}}
,"C:\\Users\\juliosannav\\Desktop\\tarea3\\backend-devops\\src\\server.ts": {"path":"C:\\Users\\juliosannav\\Desktop\\tarea3\\backend-devops\\src\\server.ts","statementMap":{"0":{"start":{"line":1,"column":0},"end":{"line":1,"column":24}},"1":{"start":{"line":2,"column":0},"end":{"line":2,"column":30}},"2":{"start":{"line":3,"column":0},"end":{"line":3,"column":48}},"3":{"start":{"line":5,"column":12},"end":{"line":5,"column":21}},"4":{"start":{"line":7,"column":0},"end":{"line":7,"column":24}},"5":{"start":{"line":8,"column":0},"end":{"line":8,"column":16}},"6":{"start":{"line":10,"column":0},"end":{"line":10,"column":25}},"7":{"start":{"line":12,"column":0},"end":{"line":12,"column":19}}},"fnMap":{},"branchMap":{},"s":{"0":1,"1":1,"2":1,"3":1,"4":1,"5":1,"6":1,"7":1},"f":{},"b":{}}
,"C:\\Users\\juliosannav\\Desktop\\tarea3\\backend-devops\\src\\app\\calculadora.ts": {"path":"C:\\Users\\juliosannav\\Desktop\\tarea3\\backend-devops\\src\\app\\calculadora.ts","statementMap":{"0":{"start":{"line":78,"column":9},"end":{"line":78,"column":13}},"1":{"start":{"line":78,"column":15},"end":{"line":78,"column":21}},"2":{"start":{"line":78,"column":23},"end":{"line":78,"column":29}},"3":{"start":{"line":78,"column":31},"end":{"line":78,"column":42}},"4":{"start":{"line":78,"column":43},"end":{"line":78,"column":50}},"5":{"start":{"line":78,"column":51},"end":{"line":78,"column":60}},"6":{"start":{"line":78,"column":61},"end":{"line":78,"column":70}},"7":{"start":{"line":2,"column":4},"end":{"line":14,"column":5}},"8":{"start":{"line":3,"column":8},"end":{"line":3,"column":26}},"9":{"start":{"line":4,"column":11},"end":{"line":14,"column":5}},"10":{"start":{"line":5,"column":8},"end":{"line":5,"column":28}},"11":{"start":{"line":6,"column":10},"end":{"line":14,"column":5}},"12":{"start":{"line":7,"column":8},"end":{"line":7,"column":33}},"13":{"start":{"line":8,"column":10},"end":{"line":14,"column":5}},"14":{"start":{"line":9,"column":8},"end":{"line":9,"column":29}},"15":{"start":{"line":10,"column":10},"end":{"line":14,"column":5}},"16":{"start":{"line":11,"column":8},"end":{"line":11,"column":31}},"17":{"start":{"line":12,"column":10},"end":{"line":14,"column":5}},"18":{"start":{"line":13,"column":8},"end":{"line":13,"column":28}},"19":{"start":{"line":18,"column":4},"end":{"line":20,"column":5}},"20":{"start":{"line":19,"column":8},"end":{"line":19,"column":57}},"21":{"start":{"line":21,"column":4},"end":{"line":23,"column":5}},"22":{"start":{"line":22,"column":8},"end":{"line":22,"column":19}},"23":{"start":{"line":24,"column":4},"end":{"line":24,"column":17}},"24":{"start":{"line":28,"column":4},"end":{"line":31,"column":5}},"25":{"start":{"line":30,"column":8},"end":{"line":30,"column":58}},"26":{"start":{"line":32,"column":4},"end":{"line":34,"column":5}},"27":{"start":{"line":33,"column":8},"end":{"line":33,"column":19}},"28":{"start":{"line":35,"column":4},"end":{"line":35,"column":17}},"29":{"start":{"line":39,"column":4},"end":{"line":41,"column":5}},"30":{"start":{"line":40,"column":8},"end":{"line":40,"column":63}},"31":{"start":{"line":42,"column":4},"end":{"line":44,"column":5}},"32":{"start":{"line":43,"column":8},"end":{"line":43,"column":19}},"33":{"start":{"line":45,"column":4},"end":{"line":45,"column":17}},"34":{"start":{"line":49,"column":4},"end":{"line":51,"column":5}},"35":{"start":{"line":50,"column":8},"end":{"line":50,"column":59}},"36":{"start":{"line":52,"column":4},"end":{"line":54,"column":5}},"37":{"start":{"line":53,"column":8},"end":{"line":53,"column":19}},"38":{"start":{"line":55,"column":4},"end":{"line":55,"column":17}},"39":{"start":{"line":59,"column":4},"end":{"line":61,"column":5}},"40":{"start":{"line":60,"column":8},"end":{"line":60,"column":61}},"41":{"start":{"line":62,"column":4},"end":{"line":64,"column":5}},"42":{"start":{"line":63,"column":8},"end":{"line":63,"column":19}},"43":{"start":{"line":65,"column":4},"end":{"line":65,"column":18}},"44":{"start":{"line":71,"column":17},"end":{"line":71,"column":18}},"45":{"start":{"line":72,"column":4},"end":{"line":74,"column":5}},"46":{"start":{"line":72,"column":17},"end":{"line":72,"column":18}},"47":{"start":{"line":73,"column":8},"end":{"line":73,"column":20}},"48":{"start":{"line":75,"column":4},"end":{"line":75,"column":18}}},"fnMap":{"0":{"name":"operar","decl":{"start":{"line":1,"column":9},"end":{"line":1,"column":15}},"loc":{"start":{"line":1,"column":60},"end":{"line":15,"column":1}}},"1":{"name":"suma","decl":{"start":{"line":17,"column":9},"end":{"line":17,"column":13}},"loc":{"start":{"line":17,"column":34},"end":{"line":25,"column":1}}},"2":{"name":"restar","decl":{"start":{"line":27,"column":9},"end":{"line":27,"column":15}},"loc":{"start":{"line":27,"column":36},"end":{"line":36,"column":1}}},"3":{"name":"multiplicar","decl":{"start":{"line":38,"column":9},"end":{"line":38,"column":20}},"loc":{"start":{"line":38,"column":41},"end":{"line":46,"column":1}}},"4":{"name":"dividir","decl":{"start":{"line":48,"column":9},"end":{"line":48,"column":16}},"loc":{"start":{"line":48,"column":37},"end":{"line":56,"column":1}}},"5":{"name":"potenciar","decl":{"start":{"line":58,"column":9},"end":{"line":58,"column":18}},"loc":{"start":{"line":58,"column":39},"end":{"line":66,"column":1}}},"6":{"name":"factorial","decl":{"start":{"line":68,"column":9},"end":{"line":68,"column":18}},"loc":{"start":{"line":68,"column":28},"end":{"line":76,"column":1}}}},"branchMap":{"0":{"loc":{"start":{"line":1,"column":16},"end":{"line":1,"column":38}},"type":"default-arg","locations":[{"start":{"line":1,"column":36},"end":{"line":1,"column":38}}]},"1":{"loc":{"start":{"line":2,"column":4},"end":{"line":14,"column":5}},"type":"if","locations":[{"start":{"line":2,"column":4},"end":{"line":14,"column":5}},{"start":{"line":4,"column":11},"end":{"line":14,"column":5}}]},"2":{"loc":{"start":{"line":4,"column":11},"end":{"line":14,"column":5}},"type":"if","locations":[{"start":{"line":4,"column":11},"end":{"line":14,"column":5}},{"start":{"line":6,"column":10},"end":{"line":14,"column":5}}]},"3":{"loc":{"start":{"line":6,"column":10},"end":{"line":14,"column":5}},"type":"if","locations":[{"start":{"line":6,"column":10},"end":{"line":14,"column":5}},{"start":{"line":8,"column":10},"end":{"line":14,"column":5}}]},"4":{"loc":{"start":{"line":8,"column":10},"end":{"line":14,"column":5}},"type":"if","locations":[{"start":{"line":8,"column":10},"end":{"line":14,"column":5}},{"start":{"line":10,"column":10},"end":{"line":14,"column":5}}]},"5":{"loc":{"start":{"line":10,"column":10},"end":{"line":14,"column":5}},"type":"if","locations":[{"start":{"line":10,"column":10},"end":{"line":14,"column":5}},{"start":{"line":12,"column":10},"end":{"line":14,"column":5}}]},"6":{"loc":{"start":{"line":12,"column":10},"end":{"line":14,"column":5}},"type":"if","locations":[{"start":{"line":12,"column":10},"end":{"line":14,"column":5}}]},"7":{"loc":{"start":{"line":18,"column":4},"end":{"line":20,"column":5}},"type":"if","locations":[{"start":{"line":18,"column":4},"end":{"line":20,"column":5}}]},"8":{"loc":{"start":{"line":18,"column":8},"end":{"line":18,"column":42}},"type":"binary-expr","locations":[{"start":{"line":18,"column":8},"end":{"line":18,"column":23}},{"start":{"line":18,"column":27},"end":{"line":18,"column":42}}]},"9":{"loc":{"start":{"line":21,"column":4},"end":{"line":23,"column":5}},"type":"if","locations":[{"start":{"line":21,"column":4},"end":{"line":23,"column":5}}]},"10":{"loc":{"start":{"line":21,"column":8},"end":{"line":21,"column":54}},"type":"binary-expr","locations":[{"start":{"line":21,"column":8},"end":{"line":21,"column":29}},{"start":{"line":21,"column":33},"end":{"line":21,"column":54}}]},"11":{"loc":{"start":{"line":28,"column":4},"end":{"line":31,"column":5}},"type":"if","locations":[{"start":{"line":28,"column":4},"end":{"line":31,"column":5}}]},"12":{"loc":{"start":{"line":28,"column":8},"end":{"line":28,"column":42}},"type":"binary-expr","locations":[{"start":{"line":28,"column":8},"end":{"line":28,"column":23}},{"start":{"line":28,"column":27},"end":{"line":28,"column":42}}]},"13":{"loc":{"start":{"line":32,"column":4},"end":{"line":34,"column":5}},"type":"if","locations":[{"start":{"line":32,"column":4},"end":{"line":34,"column":5}}]},"14":{"loc":{"start":{"line":32,"column":8},"end":{"line":32,"column":54}},"type":"binary-expr","locations":[{"start":{"line":32,"column":8},"end":{"line":32,"column":29}},{"start":{"line":32,"column":33},"end":{"line":32,"column":54}}]},"15":{"loc":{"start":{"line":39,"column":4},"end":{"line":41,"column":5}},"type":"if","locations":[{"start":{"line":39,"column":4},"end":{"line":41,"column":5}}]},"16":{"loc":{"start":{"line":39,"column":8},"end":{"line":39,"column":42}},"type":"binary-expr","locations":[{"start":{"line":39,"column":8},"end":{"line":39,"column":23}},{"start":{"line":39,"column":27},"end":{"line":39,"column":42}}]},"17":{"loc":{"start":{"line":42,"column":4},"end":{"line":44,"column":5}},"type":"if","locations":[{"start":{"line":42,"column":4},"end":{"line":44,"column":5}}]},"18":{"loc":{"start":{"line":42,"column":8},"end":{"line":42,"column":54}},"type":"binary-expr","locations":[{"start":{"line":42,"column":8},"end":{"line":42,"column":29}},{"start":{"line":42,"column":33},"end":{"line":42,"column":54}}]},"19":{"loc":{"start":{"line":49,"column":4},"end":{"line":51,"column":5}},"type":"if","locations":[{"start":{"line":49,"column":4},"end":{"line":51,"column":5}}]},"20":{"loc":{"start":{"line":49,"column":8},"end":{"line":49,"column":42}},"type":"binary-expr","locations":[{"start":{"line":49,"column":8},"end":{"line":49,"column":23}},{"start":{"line":49,"column":27},"end":{"line":49,"column":42}}]},"21":{"loc":{"start":{"line":52,"column":4},"end":{"line":54,"column":5}},"type":"if","locations":[{"start":{"line":52,"column":4},"end":{"line":54,"column":5}}]},"22":{"loc":{"start":{"line":52,"column":8},"end":{"line":52,"column":54}},"type":"binary-expr","locations":[{"start":{"line":52,"column":8},"end":{"line":52,"column":29}},{"start":{"line":52,"column":33},"end":{"line":52,"column":54}}]},"23":{"loc":{"start":{"line":59,"column":4},"end":{"line":61,"column":5}},"type":"if","locations":[{"start":{"line":59,"column":4},"end":{"line":61,"column":5}}]},"24":{"loc":{"start":{"line":59,"column":8},"end":{"line":59,"column":42}},"type":"binary-expr","locations":[{"start":{"line":59,"column":8},"end":{"line":59,"column":23}},{"start":{"line":59,"column":27},"end":{"line":59,"column":42}}]},"25":{"loc":{"start":{"line":62,"column":4},"end":{"line":64,"column":5}},"type":"if","locations":[{"start":{"line":62,"column":4},"end":{"line":64,"column":5}}]},"26":{"loc":{"start":{"line":62,"column":8},"end":{"line":62,"column":54}},"type":"binary-expr","locations":[{"start":{"line":62,"column":8},"end":{"line":62,"column":29}},{"start":{"line":62,"column":33},"end":{"line":62,"column":54}}]}},"s":{"0":2,"1":2,"2":2,"3":2,"4":2,"5":2,"6":2,"7":31,"8":13,"9":18,"10":4,"11":14,"12":4,"13":10,"14":6,"15":4,"16":1,"17":3,"18":1,"19":14,"20":2,"21":12,"22":2,"23":10,"24":10,"25":2,"26":8,"27":1,"28":7,"29":6,"30":1,"31":5,"32":1,"33":4,"34":6,"35":1,"36":5,"37":1,"38":4,"39":3,"40":1,"41":2,"42":1,"43":1,"44":1,"45":1,"46":1,"47":5,"48":1},"f":{"0":31,"1":14,"2":10,"3":6,"4":6,"5":3,"6":1},"b":{"0":[1],"1":[13,18],"2":[4,14],"3":[4,10],"4":[6,4],"5":[1,3],"6":[1],"7":[2],"8":[14,14],"9":[2],"10":[12,12],"11":[2],"12":[10,10],"13":[1],"14":[8,8],"15":[1],"16":[6,6],"17":[1],"18":[5,5],"19":[1],"20":[6,6],"21":[1],"22":[5,5],"23":[1],"24":[3,3],"25":[1],"26":[2,2]}}
,"C:\\Users\\juliosannav\\Desktop\\tarea3\\backend-devops\\src\\app\\numeros.ts": {"path":"C:\\Users\\juliosannav\\Desktop\\tarea3\\backend-devops\\src\\app\\numeros.ts","statementMap":{"0":{"start":{"line":1,"column":23},"end":{"line":12,"column":1}},"1":{"start":{"line":3,"column":4},"end":{"line":5,"column":5}},"2":{"start":{"line":4,"column":8},"end":{"line":4,"column":21}},"3":{"start":{"line":6,"column":4},"end":{"line":10,"column":5}},"4":{"start":{"line":6,"column":17},"end":{"line":6,"column":18}},"5":{"start":{"line":7,"column":8},"end":{"line":9,"column":9}},"6":{"start":{"line":8,"column":12},"end":{"line":8,"column":25}},"7":{"start":{"line":11,"column":4},"end":{"line":11,"column":null}},"8":{"start":{"line":1,"column":13},"end":{"line":1,"column":23}}},"fnMap":{"0":{"name":"(anonymous_0)","decl":{"start":{"line":1,"column":23},"end":{"line":1,"column":24}},"loc":{"start":{"line":1,"column":42},"end":{"line":12,"column":1}}}},"branchMap":{"0":{"loc":{"start":{"line":3,"column":4},"end":{"line":5,"column":5}},"type":"if","locations":[{"start":{"line":3,"column":4},"end":{"line":5,"column":5}}]},"1":{"loc":{"start":{"line":7,"column":8},"end":{"line":9,"column":9}},"type":"if","locations":[{"start":{"line":7,"column":8},"end":{"line":9,"column":9}}]}},"s":{"0":2,"1":6,"2":2,"3":4,"4":4,"5":7,"6":1,"7":3,"8":2},"f":{"0":6},"b":{"0":[2],"1":[1]}}
,"C:\\Users\\juliosannav\\Desktop\\tarea3\\backend-devops\\src\\app\\palabras.ts": {"path":"C:\\Users\\juliosannav\\Desktop\\tarea3\\backend-devops\\src\\app\\palabras.ts","statementMap":{"0":{"start":{"line":1,"column":28},"end":{"line":8,"column":1}},"1":{"start":{"line":2,"column":4},"end":{"line":4,"column":5}},"2":{"start":{"line":3,"column":8},"end":{"line":3,"column":21}},"3":{"start":{"line":5,"column":29},"end":{"line":5,"column":67}},"4":{"start":{"line":6,"column":27},"end":{"line":6,"column":72}},"5":{"start":{"line":7,"column":4},"end":{"line":7,"column":47}},"6":{"start":{"line":1,"column":13},"end":{"line":1,"column":28}}},"fnMap":{"0":{"name":"(anonymous_0)","decl":{"start":{"line":1,"column":28},"end":{"line":1,"column":29}},"loc":{"start":{"line":1,"column":46},"end":{"line":8,"column":1}}}},"branchMap":{"0":{"loc":{"start":{"line":2,"column":4},"end":{"line":4,"column":5}},"type":"if","locations":[{"start":{"line":2,"column":4},"end":{"line":4,"column":5}}]}},"s":{"0":2,"1":4,"2":1,"3":3,"4":3,"5":3,"6":2},"f":{"0":4},"b":{"0":[1]}}
,"C:\\Users\\juliosannav\\Desktop\\tarea3\\backend-devops\\src\\routes\\main-route.ts": {"path":"C:\\Users\\juliosannav\\Desktop\\tarea3\\backend-devops\\src\\routes\\main-route.ts","statementMap":{"0":{"start":{"line":1,"column":0},"end":{"line":1,"column":30}},"1":{"start":{"line":2,"column":0},"end":{"line":2,"column":45}},"2":{"start":{"line":3,"column":0},"end":{"line":3,"column":50}},"3":{"start":{"line":4,"column":0},"end":{"line":4,"column":44}},"4":{"start":{"line":5,"column":0},"end":{"line":5,"column":47}},"5":{"start":{"line":7,"column":17},"end":{"line":7,"column":33}},"6":{"start":{"line":9,"column":0},"end":{"line":11,"column":3}},"7":{"start":{"line":10,"column":4},"end":{"line":10,"column":71}},"8":{"start":{"line":13,"column":0},"end":{"line":15,"column":3}},"9":{"start":{"line":14,"column":4},"end":{"line":14,"column":78}},"10":{"start":{"line":17,"column":0},"end":{"line":21,"column":3}},"11":{"start":{"line":18,"column":38},"end":{"line":18,"column":100}},"12":{"start":{"line":19,"column":20},"end":{"line":19,"column":51}},"13":{"start":{"line":20,"column":4},"end":{"line":20,"column":69}},"14":{"start":{"line":23,"column":0},"end":{"line":26,"column":3}},"15":{"start":{"line":24,"column":18},"end":{"line":24,"column":43}},"16":{"start":{"line":25,"column":4},"end":{"line":25,"column":99}},"17":{"start":{"line":28,"column":0},"end":{"line":31,"column":3}},"18":{"start":{"line":29,"column":19},"end":{"line":29,"column":45}},"19":{"start":{"line":30,"column":4},"end":{"line":30,"column":102}},"20":{"start":{"line":33,"column":0},"end":{"line":33,"column":26}}},"fnMap":{"0":{"name":"(anonymous_1)","decl":{"start":{"line":9,"column":20},"end":{"line":9,"column":21}},"loc":{"start":{"line":9,"column":34},"end":{"line":11,"column":1}}},"1":{"name":"(anonymous_2)","decl":{"start":{"line":13,"column":27},"end":{"line":13,"column":28}},"loc":{"start":{"line":13,"column":41},"end":{"line":15,"column":1}}},"2":{"name":"(anonymous_3)","decl":{"start":{"line":17,"column":26},"end":{"line":17,"column":27}},"loc":{"start":{"line":17,"column":39},"end":{"line":21,"column":1}}},"3":{"name":"(anonymous_4)","decl":{"start":{"line":23,"column":30},"end":{"line":23,"column":31}},"loc":{"start":{"line":23,"column":43},"end":{"line":26,"column":1}}},"4":{"name":"(anonymous_5)","decl":{"start":{"line":28,"column":25},"end":{"line":28,"column":26}},"loc":{"start":{"line":28,"column":38},"end":{"line":31,"column":1}}}},"branchMap":{"0":{"loc":{"start":{"line":25,"column":48},"end":{"line":25,"column":84}},"type":"cond-expr","locations":[{"start":{"line":25,"column":70},"end":{"line":25,"column":74}},{"start":{"line":25,"column":77},"end":{"line":25,"column":84}}]},"1":{"loc":{"start":{"line":30,"column":49},"end":{"line":30,"column":82}},"type":"cond-expr","locations":[{"start":{"line":30,"column":68},"end":{"line":30,"column":72}},{"start":{"line":30,"column":75},"end":{"line":30,"column":82}}]}},"s":{"0":1,"1":1,"2":1,"3":1,"4":1,"5":1,"6":1,"7":1,"8":1,"9":1,"10":1,"11":1,"12":1,"13":1,"14":1,"15":2,"16":2,"17":1,"18":2,"19":2,"20":1},"f":{"0":1,"1":1,"2":1,"3":2,"4":2},"b":{"0":[1,1],"1":[1,1]}}
}
