TN:
SF:src\config.ts
FNF:0
FNH:0
DA:1,1
LF:1
LH:1
BRDA:3,0,0,1
BRDA:3,0,1,1
BRDA:4,1,0,1
BRDA:4,1,1,1
BRF:4
BRH:4
end_of_record
TN:
SF:src\server.ts
FNF:0
FNH:0
DA:1,1
DA:2,1
DA:3,1
DA:5,1
DA:7,1
DA:8,1
DA:10,1
DA:12,1
LF:8
LH:8
BRF:0
BRH:0
end_of_record
TN:
SF:src\app\calculadora.ts
FN:1,operar
FN:17,suma
FN:27,restar
FN:38,multiplicar
FN:48,dividir
FN:58,potenciar
FN:68,factorial
FNF:7
FNH:7
FNDA:31,operar
FNDA:14,suma
FNDA:10,restar
FNDA:6,multiplicar
FNDA:6,dividir
FNDA:3,potenciar
FNDA:1,factorial
DA:2,31
DA:3,13
DA:4,18
DA:5,4
DA:6,14
DA:7,4
DA:8,10
DA:9,6
DA:10,4
DA:11,1
DA:12,3
DA:13,1
DA:18,14
DA:19,2
DA:21,12
DA:22,2
DA:24,10
DA:28,10
DA:30,2
DA:32,8
DA:33,1
DA:35,7
DA:39,6
DA:40,1
DA:42,5
DA:43,1
DA:45,4
DA:49,6
DA:50,1
DA:52,5
DA:53,1
DA:55,4
DA:59,3
DA:60,1
DA:62,2
DA:63,1
DA:65,1
DA:71,1
DA:72,1
DA:73,5
DA:75,1
DA:78,2
LF:42
LH:42
BRDA:1,0,0,1
BRDA:2,1,0,13
BRDA:2,1,1,18
BRDA:4,2,0,4
BRDA:4,2,1,14
BRDA:6,3,0,4
BRDA:6,3,1,10
BRDA:8,4,0,6
BRDA:8,4,1,4
BRDA:10,5,0,1
BRDA:10,5,1,3
BRDA:12,6,0,1
BRDA:18,7,0,2
BRDA:18,8,0,14
BRDA:18,8,1,14
BRDA:21,9,0,2
BRDA:21,10,0,12
BRDA:21,10,1,12
BRDA:28,11,0,2
BRDA:28,12,0,10
BRDA:28,12,1,10
BRDA:32,13,0,1
BRDA:32,14,0,8
BRDA:32,14,1,8
BRDA:39,15,0,1
BRDA:39,16,0,6
BRDA:39,16,1,6
BRDA:42,17,0,1
BRDA:42,18,0,5
BRDA:42,18,1,5
BRDA:49,19,0,1
BRDA:49,20,0,6
BRDA:49,20,1,6
BRDA:52,21,0,1
BRDA:52,22,0,5
BRDA:52,22,1,5
BRDA:59,23,0,1
BRDA:59,24,0,3
BRDA:59,24,1,3
BRDA:62,25,0,1
BRDA:62,26,0,2
BRDA:62,26,1,2
BRF:42
BRH:42
end_of_record
TN:
SF:src\app\numeros.ts
FN:1,(anonymous_0)
FNF:1
FNH:1
FNDA:6,(anonymous_0)
DA:1,2
DA:3,6
DA:4,2
DA:6,4
DA:7,7
DA:8,1
DA:11,3
LF:7
LH:7
BRDA:3,0,0,2
BRDA:7,1,0,1
BRF:2
BRH:2
end_of_record
TN:
SF:src\app\palabras.ts
FN:1,(anonymous_0)
FNF:1
FNH:1
FNDA:4,(anonymous_0)
DA:1,2
DA:2,4
DA:3,1
DA:5,3
DA:6,3
DA:7,3
LF:6
LH:6
BRDA:2,0,0,1
BRF:1
BRH:1
end_of_record
TN:
SF:src\routes\main-route.ts
FN:9,(anonymous_1)
FN:13,(anonymous_2)
FN:17,(anonymous_3)
FN:23,(anonymous_4)
FN:28,(anonymous_5)
FNF:5
FNH:5
FNDA:1,(anonymous_1)
FNDA:1,(anonymous_2)
FNDA:1,(anonymous_3)
FNDA:2,(anonymous_4)
FNDA:2,(anonymous_5)
DA:1,1
DA:2,1
DA:3,1
DA:4,1
DA:5,1
DA:7,1
DA:9,1
DA:10,1
DA:13,1
DA:14,1
DA:17,1
DA:18,1
DA:19,1
DA:20,1
DA:23,1
DA:24,2
DA:25,2
DA:28,1
DA:29,2
DA:30,2
DA:33,1
LF:21
LH:21
BRDA:25,0,0,1
BRDA:25,0,1,1
BRDA:30,1,0,1
BRDA:30,1,1,1
BRF:4
BRH:4
end_of_record
